<?xml version="1.0" encoding="UTF-8"?>
<testng-results skipped="0" failed="1" ignored="0" total="2" passed="1">
  <reporter-output>
  </reporter-output>
  <suite name="Default suite" duration-ms="51554" started-at="2020-03-06T10:57:35Z" finished-at="2020-03-06T10:58:27Z">
    <groups>
    </groups>
    <test name="Default test" duration-ms="51554" started-at="2020-03-06T10:57:35Z" finished-at="2020-03-06T10:58:27Z">
      <class name="com.model.portfolio.testcases.TestCases">
        <test-method status="FAIL" signature="TestA()[pri:0, instance:com.model.portfolio.testcases.TestCases@548a9f61]" name="TestA" duration-ms="25434" started-at="2020-03-06T10:57:35Z" finished-at="2020-03-06T10:58:01Z">
          <exception class="java.lang.AssertionError">
            <message>
              <![CDATA[expected [50] but found [13.79]]]>
            </message>
            <full-stacktrace>
              <![CDATA[java.lang.AssertionError: expected [50] but found [13.79]
at org.testng.Assert.fail(Assert.java:96)
at org.testng.Assert.failNotEquals(Assert.java:776)
at org.testng.Assert.assertEqualsImpl(Assert.java:137)
at org.testng.Assert.assertEquals(Assert.java:118)
at org.testng.Assert.assertEquals(Assert.java:442)
at com.model.portfolio.testcases.TestCases.TestA(TestCases.java:37)
at sun.reflect.NativeMethodAccessorImpl.invoke0(Native Method)
at sun.reflect.NativeMethodAccessorImpl.invoke(Unknown Source)
at sun.reflect.DelegatingMethodAccessorImpl.invoke(Unknown Source)
at java.lang.reflect.Method.invoke(Unknown Source)
at org.testng.internal.MethodInvocationHelper.invokeMethod(MethodInvocationHelper.java:124)
at org.testng.internal.Invoker.invokeMethod(Invoker.java:583)
at org.testng.internal.Invoker.invokeTestMethod(Invoker.java:719)
at org.testng.internal.Invoker.invokeTestMethods(Invoker.java:989)
at org.testng.internal.TestMethodWorker.invokeTestMethods(TestMethodWorker.java:125)
at org.testng.internal.TestMethodWorker.run(TestMethodWorker.java:109)
at org.testng.TestRunner.privateRun(TestRunner.java:648)
at org.testng.TestRunner.run(TestRunner.java:505)
at org.testng.SuiteRunner.runTest(SuiteRunner.java:455)
at org.testng.SuiteRunner.runSequentially(SuiteRunner.java:450)
at org.testng.SuiteRunner.privateRun(SuiteRunner.java:415)
at org.testng.SuiteRunner.run(SuiteRunner.java:364)
at org.testng.SuiteRunnerWorker.runSuite(SuiteRunnerWorker.java:52)
at org.testng.SuiteRunnerWorker.run(SuiteRunnerWorker.java:84)
at org.testng.TestNG.runSuitesSequentially(TestNG.java:1208)
at org.testng.TestNG.runSuitesLocally(TestNG.java:1137)
at org.testng.TestNG.runSuites(TestNG.java:1049)
at org.testng.TestNG.run(TestNG.java:1017)
at org.testng.remote.AbstractRemoteTestNG.run(AbstractRemoteTestNG.java:114)
at org.testng.remote.RemoteTestNG.initAndRun(RemoteTestNG.java:251)
at org.testng.remote.RemoteTestNG.main(RemoteTestNG.java:77)
]]>
            </full-stacktrace>
          </exception> <!-- java.lang.AssertionError -->
          <reporter-output>
          </reporter-output>
        </test-method> <!-- TestA -->
        <test-method status="PASS" signature="tearDown()[pri:0, instance:com.model.portfolio.testcases.TestCases@548a9f61]" name="tearDown" is-config="true" duration-ms="1196" started-at="2020-03-06T10:58:01Z" finished-at="2020-03-06T10:58:02Z">
          <reporter-output>
          </reporter-output>
        </test-method> <!-- tearDown -->
        <test-method status="PASS" signature="TestB()[pri:0, instance:com.model.portfolio.testcases.TestCases@548a9f61]" name="TestB" duration-ms="24014" started-at="2020-03-06T10:58:02Z" finished-at="2020-03-06T10:58:26Z">
          <reporter-output>
          </reporter-output>
        </test-method> <!-- TestB -->
        <test-method status="PASS" signature="tearDown()[pri:0, instance:com.model.portfolio.testcases.TestCases@548a9f61]" name="tearDown" is-config="true" duration-ms="742" started-at="2020-03-06T10:58:26Z" finished-at="2020-03-06T10:58:27Z">
          <reporter-output>
          </reporter-output>
        </test-method> <!-- tearDown -->
      </class> <!-- com.model.portfolio.testcases.TestCases -->
    </test> <!-- Default test -->
  </suite> <!-- Default suite -->
</testng-results>
